#
# There is insufficient memory for the Java Runtime Environment to continue.
# Native memory allocation (malloc) failed to allocate 1021776 bytes for Chunk::new
# Possible reasons:
#   The system is out of physical RAM or swap space
#   The process is running with CompressedOops enabled, and the Java Heap may be blocking the growth of the native heap
# Possible solutions:
#   Reduce memory load on the system
#   Increase physical memory or swap space
#   Check if swap backing store is full
#   Decrease Java heap size (-Xmx/-Xms)
#   Decrease number of Java threads
#   Decrease Java thread stack sizes (-Xss)
#   Set larger code cache with -XX:ReservedCodeCacheSize=
#   JVM is running with Unscaled Compressed Oops mode in which the Java heap is
#     placed in the first 4GB address space. The Java Heap base address is the
#     maximum limit for the native heap growth. Please use -XX:HeapBaseMinAddress
#     to set the Java Heap base and to place the Java Heap above 4GB virtual address.
# This output file may be truncated or incomplete.
#
#  Out of Memory Error (arena.cpp:189), pid=15344, tid=17388
#
# JRE version: OpenJDK Runtime Environment (17.0.7) (build 17.0.7+0-b2043.56-10550314)
# Java VM: OpenJDK 64-Bit Server VM (17.0.7+0-b2043.56-10550314, mixed mode, tiered, compressed oops, compressed class ptrs, g1 gc, windows-amd64)
# No core dump will be written. Minidumps are not enabled by default on client versions of Windows
#

---------------  S U M M A R Y ------------

Command Line: --add-opens=java.base/java.util=ALL-UNNAMED --add-opens=java.base/java.lang=ALL-UNNAMED --add-opens=java.base/java.lang.invoke=ALL-UNNAMED --add-opens=java.prefs/java.util.prefs=ALL-UNNAMED --add-opens=java.base/java.nio.charset=ALL-UNNAMED --add-opens=java.base/java.net=ALL-UNNAMED --add-opens=java.base/java.util.concurrent.atomic=ALL-UNNAMED -Xmx2048m -Dfile.encoding=UTF-8 -Duser.country=SG -Duser.language=en -Duser.variant -javaagent:C:\Users\dilla\.gradle\wrapper\dists\gradle-8.2-bin\bbg7u40eoinfdyxsxr3z4i7ta\gradle-8.2\lib\agents\gradle-instrumentation-agent-8.2.jar org.gradle.launcher.daemon.bootstrap.GradleDaemon 8.2

Host: AMD Ryzen 5 3500U with Radeon Vega Mobile Gfx  , 8 cores, 5G,  Windows 10 , 64 bit Build 19041 (10.0.19041.3636)
Time: Fri Jan 19 20:53:48 2024 Malay Peninsula Standard Time elapsed time: 18.393940 seconds (0d 0h 0m 18s)

---------------  T H R E A D  ---------------

Current thread (0x0000020643704d40):  JavaThread "C2 CompilerThread0" daemon [_thread_in_native, id=17388, stack(0x00000017d7100000,0x00000017d7200000)]


Current CompileTask:
C2:  18395 2847       4       java.lang.invoke.MethodType::makeImpl (109 bytes)

Stack: [0x00000017d7100000,0x00000017d7200000]
Native frames: (J=compiled Java code, j=interpreted, Vv=VM code, C=native code)
V  [jvm.dll+0x683bfa]
V  [jvm.dll+0x8430a4]
V  [jvm.dll+0x8449be]
V  [jvm.dll+0x845023]
V  [jvm.dll+0x24ad2f]
V  [jvm.dll+0xac25c]
V  [jvm.dll+0xac82c]
V  [jvm.dll+0x36a132]
V  [jvm.dll+0x1bdf52]
V  [jvm.dll+0x21d3a9]
V  [jvm.dll+0x21c671]
V  [jvm.dll+0x1a605d]
V  [jvm.dll+0x22c148]
V  [jvm.dll+0x22a209]
V  [jvm.dll+0x7f858c]
V  [jvm.dll+0x7f2aea]
V  [jvm.dll+0x682a35]
C  [ucrtbase.dll+0x21bb2]
C  [KERNEL32.DLL+0x17344]
C  [ntdll.dll+0x526b1]


---------------  P R O C E S S  ---------------

Threads class SMR info:
_java_thread_list=0x0000020649871cc0, length=33, elements={
0x00000206277122a0, 0x00000206435a0620, 0x00000206435a2500, 0x0000020643586510,
0x0000020643586dd0, 0x0000020643589aa0, 0x000002064358a360, 0x0000020643704d40,
0x0000020643715e00, 0x00000206437446e0, 0x00000206438470c0, 0x0000020643969780,
0x00000206495352f0, 0x0000020649f8d000, 0x00000206490ee920, 0x0000020648529440,
0x0000020649b17430, 0x0000020648e53870, 0x0000020648e54bb0, 0x0000020648e52a00,
0x0000020648e52ed0, 0x0000020648e55080, 0x0000020648e54210, 0x0000020648e53d40,
0x0000020648e55a20, 0x0000020648e546e0, 0x0000020648e52530, 0x0000020648e55550,
0x0000020648e533a0, 0x00000206495c3340, 0x00000206495c3810, 0x00000206495c6360,
0x00000206495c6d00
}

Java Threads: ( => current thread )
  0x00000206277122a0 JavaThread "main" [_thread_blocked, id=10580, stack(0x00000017d6400000,0x00000017d6500000)]
  0x00000206435a0620 JavaThread "Reference Handler" daemon [_thread_blocked, id=13832, stack(0x00000017d6b00000,0x00000017d6c00000)]
  0x00000206435a2500 JavaThread "Finalizer" daemon [_thread_blocked, id=14728, stack(0x00000017d6c00000,0x00000017d6d00000)]
  0x0000020643586510 JavaThread "Signal Dispatcher" daemon [_thread_blocked, id=7224, stack(0x00000017d6d00000,0x00000017d6e00000)]
  0x0000020643586dd0 JavaThread "Attach Listener" daemon [_thread_blocked, id=1116, stack(0x00000017d6e00000,0x00000017d6f00000)]
  0x0000020643589aa0 JavaThread "Service Thread" daemon [_thread_blocked, id=19380, stack(0x00000017d6f00000,0x00000017d7000000)]
  0x000002064358a360 JavaThread "Monitor Deflation Thread" daemon [_thread_blocked, id=12436, stack(0x00000017d7000000,0x00000017d7100000)]
=>0x0000020643704d40 JavaThread "C2 CompilerThread0" daemon [_thread_in_native, id=17388, stack(0x00000017d7100000,0x00000017d7200000)]
  0x0000020643715e00 JavaThread "C1 CompilerThread0" daemon [_thread_blocked, id=12380, stack(0x00000017d7200000,0x00000017d7300000)]
  0x00000206437446e0 JavaThread "Sweeper thread" daemon [_thread_blocked, id=7736, stack(0x00000017d7300000,0x00000017d7400000)]
  0x00000206438470c0 JavaThread "Common-Cleaner" daemon [_thread_blocked, id=1868, stack(0x00000017d7400000,0x00000017d7500000)]
  0x0000020643969780 JavaThread "Notification Thread" daemon [_thread_blocked, id=13908, stack(0x00000017d7500000,0x00000017d7600000)]
  0x00000206495352f0 JavaThread "Daemon health stats" [_thread_blocked, id=10668, stack(0x00000017d7b00000,0x00000017d7c00000)]
  0x0000020649f8d000 JavaThread "Incoming local TCP Connector on port 49557" [_thread_in_native, id=1664, stack(0x00000017d7c00000,0x00000017d7d00000)]
  0x00000206490ee920 JavaThread "Daemon periodic checks" [_thread_blocked, id=10228, stack(0x00000017d7d00000,0x00000017d7e00000)]
  0x0000020648529440 JavaThread "Daemon" [_thread_blocked, id=13348, stack(0x00000017d7e00000,0x00000017d7f00000)]
  0x0000020649b17430 JavaThread "Handler for socket connection from /127.0.0.1:49557 to /127.0.0.1:49558" [_thread_in_native, id=17224, stack(0x00000017d7f00000,0x00000017d8000000)]
  0x0000020648e53870 JavaThread "Cancel handler" [_thread_blocked, id=6356, stack(0x00000017d8000000,0x00000017d8100000)]
  0x0000020648e54bb0 JavaThread "Daemon worker" [_thread_in_vm, id=13320, stack(0x00000017d8100000,0x00000017d8200000)]
  0x0000020648e52a00 JavaThread "Asynchronous log dispatcher for DefaultDaemonConnection: socket connection from /127.0.0.1:49557 to /127.0.0.1:49558" [_thread_blocked, id=16280, stack(0x00000017d8200000,0x00000017d8300000)]
  0x0000020648e52ed0 JavaThread "Stdin handler" [_thread_blocked, id=10016, stack(0x00000017d8300000,0x00000017d8400000)]
  0x0000020648e55080 JavaThread "Daemon client event forwarder" [_thread_blocked, id=3152, stack(0x00000017d8400000,0x00000017d8500000)]
  0x0000020648e54210 JavaThread "Cache worker for journal cache (C:\Users\dilla\.gradle\caches\journal-1)" [_thread_blocked, id=15532, stack(0x00000017d8900000,0x00000017d8a00000)]
  0x0000020648e53d40 JavaThread "File lock request listener" [_thread_in_native, id=10712, stack(0x00000017d8a00000,0x00000017d8b00000)]
  0x0000020648e55a20 JavaThread "Cache worker for file hash cache (C:\Users\dilla\.gradle\caches\8.2\fileHashes)" [_thread_blocked, id=8320, stack(0x00000017d8c00000,0x00000017d8d00000)]
  0x0000020648e546e0 JavaThread "File watcher server" daemon [_thread_in_native, id=2424, stack(0x00000017d8b00000,0x00000017d8c00000)]
  0x0000020648e52530 JavaThread "File watcher consumer" daemon [_thread_blocked, id=15068, stack(0x00000017d8d00000,0x00000017d8e00000)]
  0x0000020648e55550 JavaThread "Cache worker for checksums cache (C:\Users\dilla\Documents\2023 S2\ANDE\ANDE-CA1\.gradle\8.2\checksums)" [_thread_blocked, id=19056, stack(0x00000017d8e00000,0x00000017d8f00000)]
  0x0000020648e533a0 JavaThread "Cache worker for cache directory md-rule (C:\Users\dilla\.gradle\caches\8.2\md-rule)" [_thread_blocked, id=13720, stack(0x00000017d8f00000,0x00000017d9000000)]
  0x00000206495c3340 JavaThread "Cache worker for file content cache (C:\Users\dilla\.gradle\caches\8.2\fileContent)" [_thread_blocked, id=6592, stack(0x00000017d9000000,0x00000017d9100000)]
  0x00000206495c3810 JavaThread "Cache worker for file hash cache (C:\Users\dilla\Documents\2023 S2\ANDE\ANDE-CA1\.gradle\8.2\fileHashes)" [_thread_blocked, id=10136, stack(0x00000017d9100000,0x00000017d9200000)]
  0x00000206495c6360 JavaThread "Cache worker for cache directory md-supplier (C:\Users\dilla\.gradle\caches\8.2\md-supplier)" [_thread_blocked, id=7676, stack(0x00000017d9200000,0x00000017d9300000)]
  0x00000206495c6d00 JavaThread "Cache worker for execution history cache (C:\Users\dilla\.gradle\caches\8.2\executionHistory)" [_thread_blocked, id=15364, stack(0x00000017d9300000,0x00000017d9400000)]

Other Threads:
  0x000002064351c7f0 VMThread "VM Thread" [stack: 0x00000017d6a00000,0x00000017d6b00000] [id=11272]
  0x0000020627713060 WatcherThread [stack: 0x00000017d7600000,0x00000017d7700000] [id=18892]
  0x0000020626a1ec50 GCTaskThread "GC Thread#0" [stack: 0x00000017d6500000,0x00000017d6600000] [id=14588]
  0x00000206485c8b70 GCTaskThread "GC Thread#1" [stack: 0x00000017d7700000,0x00000017d7800000] [id=5184]
  0x0000020648710300 GCTaskThread "GC Thread#2" [stack: 0x00000017d7800000,0x00000017d7900000] [id=18968]
  0x00000206487105b0 GCTaskThread "GC Thread#3" [stack: 0x00000017d7900000,0x00000017d7a00000] [id=13340]
  0x00000206488a02e0 GCTaskThread "GC Thread#4" [stack: 0x00000017d7a00000,0x00000017d7b00000] [id=11984]
  0x000002064a011190 GCTaskThread "GC Thread#5" [stack: 0x00000017d8500000,0x00000017d8600000] [id=4072]
  0x0000020649356de0 GCTaskThread "GC Thread#6" [stack: 0x00000017d8600000,0x00000017d8700000] [id=11276]
  0x0000020649356320 GCTaskThread "GC Thread#7" [stack: 0x00000017d8700000,0x00000017d8800000] [id=13960]
  0x0000020627778180 ConcurrentGCThread "G1 Main Marker" [stack: 0x00000017d6600000,0x00000017d6700000] [id=14216]
  0x000002062777a250 ConcurrentGCThread "G1 Conc#0" [stack: 0x00000017d6700000,0x00000017d6800000] [id=500]
  0x0000020649356880 ConcurrentGCThread "G1 Conc#1" [stack: 0x00000017d8800000,0x00000017d8900000] [id=5944]
  0x00000206433d0c40 ConcurrentGCThread "G1 Refine#0" [stack: 0x00000017d6800000,0x00000017d6900000] [id=8624]
  0x00000206496605a0 ConcurrentGCThread "G1 Refine#1" [stack: 0x00000017d9400000,0x00000017d9500000] [id=14520]
  0x00000206433d1570 ConcurrentGCThread "G1 Service" [stack: 0x00000017d6900000,0x00000017d6a00000] [id=18592]

Threads with active compile tasks:
C2 CompilerThread0    18538 2847       4       java.lang.invoke.MethodType::makeImpl (109 bytes)

VM state: not at safepoint (normal execution)

VM Mutex/Monitor currently owned by a thread: None

Heap address: 0x0000000080000000, size: 2048 MB, Compressed Oops mode: 32-bit

CDS archive(s) not mapped
Compressed class space mapped at: 0x0000000100000000-0x0000000140000000, reserved size: 1073741824
Narrow klass base: 0x0000000000000000, Narrow klass shift: 3, Narrow klass range: 0x140000000

GC Precious Log:
 CPUs: 8 total, 8 available
 Memory: 6082M
 Large Page Support: Disabled
 NUMA Support: Disabled
 Compressed Oops: Enabled (32-bit)
 Heap Region Size: 1M
 Heap Min Capacity: 8M
 Heap Initial Capacity: 96M
 Heap Max Capacity: 2G
 Pre-touch: Disabled
 Parallel Workers: 8
 Concurrent Workers: 2
 Concurrent Refinement Workers: 8
 Periodic GC: Disabled

Heap:
 garbage-first heap   total 68608K, used 25287K [0x0000000080000000, 0x0000000100000000)
  region size 1024K, 6 young (6144K), 3 survivors (3072K)
 Metaspace       used 34128K, committed 34432K, reserved 1114112K
  class space    used 4674K, committed 4800K, reserved 1048576K

Heap Regions: E=young(eden), S=young(survivor), O=old, HS=humongous(starts), HC=humongous(continues), CS=collection set, F=free, OA=open archive, CA=closed archive, TAMS=top-at-mark-start (previous, next)
|   0|0x0000000080000000, 0x0000000080100000, 0x0000000080100000|100%|HS|  |TAMS 0x0000000080100000, 0x0000000080000000| Complete 
|   1|0x0000000080100000, 0x0000000080200000, 0x0000000080200000|100%|HC|  |TAMS 0x0000000080200000, 0x0000000080100000| Complete 
|   2|0x0000000080200000, 0x0000000080300000, 0x0000000080300000|100%|HC|  |TAMS 0x0000000080300000, 0x0000000080200000| Complete 
|   3|0x0000000080300000, 0x0000000080400000, 0x0000000080400000|100%|HC|  |TAMS 0x0000000080400000, 0x0000000080300000| Complete 
|   4|0x0000000080400000, 0x0000000080500000, 0x0000000080500000|100%| O|  |TAMS 0x0000000080500000, 0x0000000080400000| Untracked 
|   5|0x0000000080500000, 0x0000000080600000, 0x0000000080600000|100%| O|  |TAMS 0x0000000080600000, 0x0000000080500000| Untracked 
|   6|0x0000000080600000, 0x0000000080700000, 0x0000000080700000|100%| O|  |TAMS 0x0000000080700000, 0x0000000080600000| Untracked 
|   7|0x0000000080700000, 0x0000000080800000, 0x0000000080800000|100%| O|  |TAMS 0x0000000080800000, 0x0000000080700000| Untracked 
|   8|0x0000000080800000, 0x0000000080842c00, 0x0000000080900000| 26%| O|  |TAMS 0x0000000080800000, 0x0000000080800000| Untracked 
|   9|0x0000000080900000, 0x0000000080a00000, 0x0000000080a00000|100%| O|  |TAMS 0x0000000080a00000, 0x0000000080900000| Untracked 
|  10|0x0000000080a00000, 0x0000000080b00000, 0x0000000080b00000|100%| O|  |TAMS 0x0000000080b00000, 0x0000000080a00000| Untracked 
|  11|0x0000000080b00000, 0x0000000080c00000, 0x0000000080c00000|100%| O|  |TAMS 0x0000000080b6f000, 0x0000000080b00000| Untracked 
|  12|0x0000000080c00000, 0x0000000080d00000, 0x0000000080d00000|100%| O|  |TAMS 0x0000000080c00000, 0x0000000080c00000| Untracked 
|  13|0x0000000080d00000, 0x0000000080e00000, 0x0000000080e00000|100%| O|  |TAMS 0x0000000080d00000, 0x0000000080d00000| Untracked 
|  14|0x0000000080e00000, 0x0000000080f00000, 0x0000000080f00000|100%| O|  |TAMS 0x0000000080e00000, 0x0000000080e00000| Untracked 
|  15|0x0000000080f00000, 0x0000000081000000, 0x0000000081000000|100%| O|  |TAMS 0x0000000080f00000, 0x0000000080f00000| Untracked 
|  16|0x0000000081000000, 0x0000000081100000, 0x0000000081100000|100%| O|  |TAMS 0x0000000081000000, 0x0000000081000000| Untracked 
|  17|0x0000000081100000, 0x0000000081200000, 0x0000000081200000|100%| O|  |TAMS 0x0000000081100000, 0x0000000081100000| Untracked 
|  18|0x0000000081200000, 0x0000000081300000, 0x0000000081300000|100%| O|  |TAMS 0x0000000081200000, 0x0000000081200000| Untracked 
|  19|0x0000000081300000, 0x0000000081400000, 0x0000000081400000|100%| O|  |TAMS 0x0000000081300000, 0x0000000081300000| Untracked 
|  20|0x0000000081400000, 0x00000000814ce200, 0x0000000081500000| 80%| O|  |TAMS 0x0000000081400000, 0x0000000081400000| Untracked 
|  21|0x0000000081500000, 0x0000000081500000, 0x0000000081600000|  0%| F|  |TAMS 0x0000000081500000, 0x0000000081500000| Untracked 
|  22|0x0000000081600000, 0x0000000081600000, 0x0000000081700000|  0%| F|  |TAMS 0x0000000081600000, 0x0000000081600000| Untracked 
|  23|0x0000000081700000, 0x0000000081700000, 0x0000000081800000|  0%| F|  |TAMS 0x0000000081700000, 0x0000000081700000| Untracked 
|  24|0x0000000081800000, 0x0000000081800000, 0x0000000081900000|  0%| F|  |TAMS 0x0000000081800000, 0x0000000081800000| Untracked 
|  25|0x0000000081900000, 0x0000000081900000, 0x0000000081a00000|  0%| F|  |TAMS 0x0000000081900000, 0x0000000081900000| Untracked 
|  26|0x0000000081a00000, 0x0000000081a00000, 0x0000000081b00000|  0%| F|  |TAMS 0x0000000081a00000, 0x0000000081a00000| Untracked 
|  27|0x0000000081b00000, 0x0000000081b00000, 0x0000000081c00000|  0%| F|  |TAMS 0x0000000081b00000, 0x0000000081b00000| Untracked 
|  28|0x0000000081c00000, 0x0000000081c00000, 0x0000000081d00000|  0%| F|  |TAMS 0x0000000081c00000, 0x0000000081c00000| Untracked 
|  29|0x0000000081d00000, 0x0000000081d00000, 0x0000000081e00000|  0%| F|  |TAMS 0x0000000081d00000, 0x0000000081d00000| Untracked 
|  30|0x0000000081e00000, 0x0000000081e00000, 0x0000000081f00000|  0%| F|  |TAMS 0x0000000081e00000, 0x0000000081e00000| Untracked 
|  31|0x0000000081f00000, 0x0000000081f00000, 0x0000000082000000|  0%| F|  |TAMS 0x0000000081f00000, 0x0000000081f00000| Untracked 
|  32|0x0000000082000000, 0x0000000082000000, 0x0000000082100000|  0%| F|  |TAMS 0x0000000082000000, 0x0000000082000000| Untracked 
|  33|0x0000000082100000, 0x00000000821a1180, 0x0000000082200000| 62%| S|CS|TAMS 0x0000000082100000, 0x0000000082100000| Complete 
|  34|0x0000000082200000, 0x0000000082300000, 0x0000000082300000|100%| S|CS|TAMS 0x0000000082200000, 0x0000000082200000| Complete 
|  35|0x0000000082300000, 0x0000000082400000, 0x0000000082400000|100%| S|CS|TAMS 0x0000000082300000, 0x0000000082300000| Complete 
|  36|0x0000000082400000, 0x0000000082400000, 0x0000000082500000|  0%| F|  |TAMS 0x0000000082400000, 0x0000000082400000| Untracked 
|  37|0x0000000082500000, 0x0000000082500000, 0x0000000082600000|  0%| F|  |TAMS 0x0000000082500000, 0x0000000082500000| Untracked 
|  38|0x0000000082600000, 0x0000000082600000, 0x0000000082700000|  0%| F|  |TAMS 0x0000000082600000, 0x0000000082600000| Untracked 
|  39|0x0000000082700000, 0x0000000082700000, 0x0000000082800000|  0%| F|  |TAMS 0x0000000082700000, 0x0000000082700000| Untracked 
|  40|0x0000000082800000, 0x0000000082800000, 0x0000000082900000|  0%| F|  |TAMS 0x0000000082800000, 0x0000000082800000| Untracked 
|  41|0x0000000082900000, 0x0000000082900000, 0x0000000082a00000|  0%| F|  |TAMS 0x0000000082900000, 0x0000000082900000| Untracked 
|  42|0x0000000082a00000, 0x0000000082a00000, 0x0000000082b00000|  0%| F|  |TAMS 0x0000000082a00000, 0x0000000082a00000| Untracked 
|  43|0x0000000082b00000, 0x0000000082b00000, 0x0000000082c00000|  0%| F|  |TAMS 0x0000000082b00000, 0x0000000082b00000| Untracked 
|  44|0x0000000082c00000, 0x0000000082c00000, 0x0000000082d00000|  0%| F|  |TAMS 0x0000000082c00000, 0x0000000082c00000| Untracked 
|  45|0x0000000082d00000, 0x0000000082d00000, 0x0000000082e00000|  0%| F|  |TAMS 0x0000000082d00000, 0x0000000082d00000| Untracked 
|  46|0x0000000082e00000, 0x0000000082e00000, 0x0000000082f00000|  0%| F|  |TAMS 0x0000000082e00000, 0x0000000082e00000| Untracked 
|  47|0x0000000082f00000, 0x0000000082f00000, 0x0000000083000000|  0%| F|  |TAMS 0x0000000082f00000, 0x0000000082f00000| Untracked 
|  48|0x0000000083000000, 0x0000000083000000, 0x0000000083100000|  0%| F|  |TAMS 0x0000000083000000, 0x0000000083000000| Untracked 
|  49|0x0000000083100000, 0x0000000083100000, 0x0000000083200000|  0%| F|  |TAMS 0x0000000083100000, 0x0000000083100000| Untracked 
|  50|0x0000000083200000, 0x0000000083200000, 0x0000000083300000|  0%| F|  |TAMS 0x0000000083200000, 0x0000000083200000| Untracked 
|  51|0x0000000083300000, 0x0000000083300000, 0x0000000083400000|  0%| F|  |TAMS 0x0000000083300000, 0x0000000083300000| Untracked 
|  52|0x0000000083400000, 0x0000000083400000, 0x0000000083500000|  0%| F|  |TAMS 0x0000000083400000, 0x0000000083400000| Untracked 
|  53|0x0000000083500000, 0x0000000083500000, 0x0000000083600000|  0%| F|  |TAMS 0x0000000083500000, 0x0000000083500000| Untracked 
|  54|0x0000000083600000, 0x0000000083600000, 0x0000000083700000|  0%| F|  |TAMS 0x0000000083600000, 0x0000000083600000| Untracked 
|  55|0x0000000083700000, 0x0000000083700000, 0x0000000083800000|  0%| F|  |TAMS 0x0000000083700000, 0x0000000083700000| Untracked 
|  56|0x0000000083800000, 0x0000000083800000, 0x0000000083900000|  0%| F|  |TAMS 0x0000000083800000, 0x0000000083800000| Untracked 
|  57|0x0000000083900000, 0x0000000083900000, 0x0000000083a00000|  0%| F|  |TAMS 0x0000000083900000, 0x0000000083900000| Untracked 
|  58|0x0000000083a00000, 0x0000000083a00000, 0x0000000083b00000|  0%| F|  |TAMS 0x0000000083a00000, 0x0000000083a00000| Untracked 
|  59|0x0000000083b00000, 0x0000000083b00000, 0x0000000083c00000|  0%| F|  |TAMS 0x0000000083b00000, 0x0000000083b00000| Untracked 
|  60|0x0000000083c00000, 0x0000000083c00000, 0x0000000083d00000|  0%| F|  |TAMS 0x0000000083c00000, 0x0000000083c00000| Untracked 
|  61|0x0000000083d00000, 0x0000000083d00000, 0x0000000083e00000|  0%| F|  |TAMS 0x0000000083d00000, 0x0000000083d00000| Untracked 
|  62|0x0000000083e00000, 0x0000000083e00000, 0x0000000083f00000|  0%| F|  |TAMS 0x0000000083e00000, 0x0000000083e00000| Untracked 
|  63|0x0000000083f00000, 0x0000000083f00000, 0x0000000084000000|  0%| F|  |TAMS 0x0000000083f00000, 0x0000000083f00000| Untracked 
|  64|0x0000000084000000, 0x00000000840e8448, 0x0000000084100000| 90%| E|  |TAMS 0x0000000084000000, 0x0000000084000000| Complete 
|  65|0x0000000084100000, 0x0000000084200000, 0x0000000084200000|100%| E|CS|TAMS 0x0000000084100000, 0x0000000084100000| Complete 
|  95|0x0000000085f00000, 0x0000000086000000, 0x0000000086000000|100%| E|CS|TAMS 0x0000000085f00000, 0x0000000085f00000| Complete 

Card table byte_map: [0x000002063c290000,0x000002063c690000] _byte_map_base: 0x000002063be90000

Marking Bits (Prev, Next): (CMBitMap*) 0x0000020627767890, (CMBitMap*) 0x0000020627767850
 Prev Bits: [0x000002063ea90000, 0x0000020640a90000)
 Next Bits: [0x000002063ca90000, 0x000002063ea90000)

Polling page: 0x0000020627250000

Metaspace:

Usage:
  Non-class:     28.80 MB used.
      Class:      4.57 MB used.
       Both:     33.37 MB used.

Virtual space:
  Non-class space:       64.00 MB reserved,      28.94 MB ( 45%) committed,  1 nodes.
      Class space:        1.00 GB reserved,       4.69 MB ( <1%) committed,  1 nodes.
             Both:        1.06 GB reserved,      33.62 MB (  3%) committed. 

Chunk freelists:
   Non-Class:  2.45 MB
       Class:  11.14 MB
        Both:  13.59 MB

MaxMetaspaceSize: unlimited
CompressedClassSpaceSize: 1.00 GB
Initial GC threshold: 21.00 MB
Current GC threshold: 35.25 MB
CDS: off
MetaspaceReclaimPolicy: balanced
 - commit_granule_bytes: 65536.
 - commit_granule_words: 8192.
 - virtual_space_node_default_size: 8388608.
 - enlarge_chunks_in_place: 1.
 - new_chunks_are_fully_committed: 0.
 - uncommit_free_chunks: 1.
 - use_allocation_guard: 0.
 - handle_deallocations: 1.


Internal statistics:

num_allocs_failed_limit: 3.
num_arena_births: 262.
num_arena_deaths: 0.
num_vsnodes_births: 2.
num_vsnodes_deaths: 0.
num_space_committed: 538.
num_space_uncommitted: 0.
num_chunks_returned_to_freelist: 3.
num_chunks_taken_from_freelist: 1184.
num_chunk_merges: 3.
num_chunk_splits: 803.
num_chunks_enlarged: 585.
num_inconsistent_stats: 0.

CodeHeap 'non-profiled nmethods': size=120000Kb used=1489Kb max_used=1489Kb free=118511Kb
 bounds [0x0000020633ee0000, 0x0000020634150000, 0x000002063b410000]
CodeHeap 'profiled nmethods': size=120000Kb used=6201Kb max_used=6201Kb free=113798Kb
 bounds [0x000002062c410000, 0x000002062ca20000, 0x0000020633940000]
CodeHeap 'non-nmethods': size=5760Kb used=1234Kb max_used=1282Kb free=4526Kb
 bounds [0x0000020633940000, 0x0000020633bb0000, 0x0000020633ee0000]
 total_blobs=3474 nmethods=2928 adapters=458
 compilation: enabled
              stopped_count=0, restarted_count=0
 full_count=0

Compilation events (20 events):
Event: 18.232 Thread 0x0000020643715e00 2899       3       jdk.internal.org.objectweb.asm.Type::getClassName (172 bytes)
Event: 18.234 Thread 0x0000020643715e00 nmethod 2899 0x000002062c9f5310 code [0x000002062c9f56a0, 0x000002062c9f6b28]
Event: 18.234 Thread 0x0000020643715e00 2901       1       org.gradle.internal.instantiation.generator.AbstractClassGenerator$PropertyMetadata::access$600 (5 bytes)
Event: 18.235 Thread 0x0000020643715e00 nmethod 2901 0x0000020634053110 code [0x00000206340532a0, 0x0000020634053358]
Event: 18.248 Thread 0x0000020643715e00 2902       3       java.lang.invoke.MethodHandles$Lookup::getDirectConstructorCommon (69 bytes)
Event: 18.249 Thread 0x0000020643715e00 nmethod 2902 0x000002062c9f7210 code [0x000002062c9f7480, 0x000002062c9f7f98]
Event: 18.249 Thread 0x0000020643715e00 2904       3       org.gradle.internal.Cast::uncheckedCast (2 bytes)
Event: 18.249 Thread 0x0000020643715e00 nmethod 2904 0x000002062c9f8310 code [0x000002062c9f84a0, 0x000002062c9f8598]
Event: 18.249 Thread 0x0000020643715e00 2903       3       java.lang.invoke.MemberName::asConstructor (58 bytes)
Event: 18.250 Thread 0x0000020643715e00 nmethod 2903 0x000002062c9f8610 code [0x000002062c9f8820, 0x000002062c9f8e08]
Event: 18.251 Thread 0x0000020643715e00 2905       3       org.gradle.internal.reflect.JavaPropertyReflectionUtil::getAnnotation (101 bytes)
Event: 18.252 Thread 0x0000020643715e00 nmethod 2905 0x000002062c9f9010 code [0x000002062c9f92c0, 0x000002062c9f9fd8]
Event: 18.279 Thread 0x0000020643715e00 2906       1       java.lang.invoke.DirectMethodHandle$Special::isInvokeSpecial (2 bytes)
Event: 18.279 Thread 0x0000020643715e00 nmethod 2906 0x0000020634053410 code [0x00000206340535a0, 0x0000020634053678]
Event: 18.296 Thread 0x0000020643715e00 2907       3       jdk.internal.misc.InnocuousThread::eraseThreadLocals (23 bytes)
Event: 18.296 Thread 0x0000020643715e00 nmethod 2907 0x000002062c9fa490 code [0x000002062c9fa620, 0x000002062c9fa818]
Event: 18.320 Thread 0x0000020643715e00 2909       1       java.lang.invoke.MethodHandle::internalForm (5 bytes)
Event: 18.320 Thread 0x0000020643715e00 nmethod 2909 0x0000020634053710 code [0x00000206340538a0, 0x0000020634053978]
Event: 18.322 Thread 0x0000020643715e00 2910       3       java.lang.invoke.Invokers::checkExactType (17 bytes)
Event: 18.323 Thread 0x0000020643715e00 nmethod 2910 0x000002062c9fa890 code [0x000002062c9faa40, 0x000002062c9fac48]

GC Heap History (12 events):
Event: 3.214 GC heap before
{Heap before GC invocations=0 (full 0):
 garbage-first heap   total 98304K, used 26624K [0x0000000080000000, 0x0000000100000000)
  region size 1024K, 23 young (23552K), 0 survivors (0K)
 Metaspace       used 10499K, committed 10624K, reserved 1114112K
  class space    used 1091K, committed 1152K, reserved 1048576K
}
Event: 3.228 GC heap after
{Heap after GC invocations=1 (full 0):
 garbage-first heap   total 98304K, used 10656K [0x0000000080000000, 0x0000000100000000)
  region size 1024K, 3 young (3072K), 3 survivors (3072K)
 Metaspace       used 10499K, committed 10624K, reserved 1114112K
  class space    used 1091K, committed 1152K, reserved 1048576K
}
Event: 5.424 GC heap before
{Heap before GC invocations=1 (full 0):
 garbage-first heap   total 98304K, used 38304K [0x0000000080000000, 0x0000000100000000)
  region size 1024K, 30 young (30720K), 3 survivors (3072K)
 Metaspace       used 11460K, committed 11648K, reserved 1114112K
  class space    used 1196K, committed 1280K, reserved 1048576K
}
Event: 5.439 GC heap after
{Heap after GC invocations=2 (full 0):
 garbage-first heap   total 98304K, used 12732K [0x0000000080000000, 0x0000000100000000)
  region size 1024K, 2 young (2048K), 2 survivors (2048K)
 Metaspace       used 11460K, committed 11648K, reserved 1114112K
  class space    used 1196K, committed 1280K, reserved 1048576K
}
Event: 13.165 GC heap before
{Heap before GC invocations=2 (full 0):
 garbage-first heap   total 98304K, used 57788K [0x0000000080000000, 0x0000000100000000)
  region size 1024K, 47 young (48128K), 2 survivors (2048K)
 Metaspace       used 21366K, committed 21504K, reserved 1114112K
  class space    used 2574K, committed 2624K, reserved 1048576K
}
Event: 13.186 GC heap after
{Heap after GC invocations=3 (full 0):
 garbage-first heap   total 98304K, used 18699K [0x0000000080000000, 0x0000000100000000)
  region size 1024K, 7 young (7168K), 7 survivors (7168K)
 Metaspace       used 21366K, committed 21504K, reserved 1114112K
  class space    used 2574K, committed 2624K, reserved 1048576K
}
Event: 15.285 GC heap before
{Heap before GC invocations=4 (full 0):
 garbage-first heap   total 68608K, used 51467K [0x0000000080000000, 0x0000000100000000)
  region size 1024K, 40 young (40960K), 7 survivors (7168K)
 Metaspace       used 26211K, committed 26432K, reserved 1114112K
  class space    used 3416K, committed 3520K, reserved 1048576K
}
Event: 15.299 GC heap after
{Heap after GC invocations=5 (full 0):
 garbage-first heap   total 68608K, used 20994K [0x0000000080000000, 0x0000000100000000)
  region size 1024K, 3 young (3072K), 3 survivors (3072K)
 Metaspace       used 26211K, committed 26432K, reserved 1114112K
  class space    used 3416K, committed 3520K, reserved 1048576K
}
Event: 16.857 GC heap before
{Heap before GC invocations=5 (full 0):
 garbage-first heap   total 68608K, used 47618K [0x0000000080000000, 0x0000000100000000)
  region size 1024K, 29 young (29696K), 3 survivors (3072K)
 Metaspace       used 29857K, committed 30208K, reserved 1114112K
  class space    used 4009K, committed 4160K, reserved 1048576K
}
Event: 16.863 GC heap after
{Heap after GC invocations=6 (full 0):
 garbage-first heap   total 68608K, used 22082K [0x0000000080000000, 0x0000000100000000)
  region size 1024K, 4 young (4096K), 4 survivors (4096K)
 Metaspace       used 29857K, committed 30208K, reserved 1114112K
  class space    used 4009K, committed 4160K, reserved 1048576K
}
Event: 18.289 GC heap before
{Heap before GC invocations=6 (full 0):
 garbage-first heap   total 68608K, used 48706K [0x0000000080000000, 0x0000000100000000)
  region size 1024K, 31 young (31744K), 4 survivors (4096K)
 Metaspace       used 33532K, committed 33856K, reserved 1114112K
  class space    used 4599K, committed 4736K, reserved 1048576K
}
Event: 18.295 GC heap after
{Heap after GC invocations=7 (full 0):
 garbage-first heap   total 68608K, used 23239K [0x0000000080000000, 0x0000000100000000)
  region size 1024K, 3 young (3072K), 3 survivors (3072K)
 Metaspace       used 33532K, committed 33856K, reserved 1114112K
  class space    used 4599K, committed 4736K, reserved 1048576K
}

Dll operation events (3 events):
Event: 0.048 Loaded shared library C:\Program Files\Android\Android Studio\jbr\bin\java.dll
Event: 0.432 Loaded shared library C:\Program Files\Android\Android Studio\jbr\bin\zip.dll
Event: 1.827 Loaded shared library C:\Program Files\Android\Android Studio\jbr\bin\verify.dll

Deoptimization events (20 events):
Event: 14.408 Thread 0x0000020648e54bb0 Uncommon trap: trap_request=0xffffff45 fr.pc=0x0000020633fbe538 relative=0x0000000000000038
Event: 14.408 Thread 0x0000020648e54bb0 Uncommon trap: reason=unstable_if action=reinterpret pc=0x0000020633fbe538 method=jdk.internal.misc.Unsafe.convEndian(ZI)I @ 4 c2
Event: 14.408 Thread 0x0000020648e54bb0 DEOPT PACKING pc=0x0000020633fbe538 sp=0x00000017d81fa520
Event: 14.408 Thread 0x0000020648e54bb0 DEOPT UNPACKING pc=0x00000206339969a3 sp=0x00000017d81fa4b8 mode 2
Event: 15.271 Thread 0x0000020648e54bb0 Uncommon trap: trap_request=0xffffff45 fr.pc=0x0000020633ff46e8 relative=0x00000000000002a8
Event: 15.271 Thread 0x0000020648e54bb0 Uncommon trap: reason=unstable_if action=reinterpret pc=0x0000020633ff46e8 method=java.util.HashMap.getNode(Ljava/lang/Object;)Ljava/util/HashMap$Node; @ 131 c2
Event: 15.271 Thread 0x0000020648e54bb0 DEOPT PACKING pc=0x0000020633ff46e8 sp=0x00000017d81faa00
Event: 15.271 Thread 0x0000020648e54bb0 DEOPT UNPACKING pc=0x00000206339969a3 sp=0x00000017d81fa920 mode 2
Event: 16.179 Thread 0x0000020648e54bb0 Uncommon trap: trap_request=0xffffff76 fr.pc=0x000002063402ba00 relative=0x0000000000000160
Event: 16.179 Thread 0x0000020648e54bb0 Uncommon trap: reason=predicate action=maybe_recompile pc=0x000002063402ba00 method=com.google.common.base.CharMatcher.indexIn(Ljava/lang/CharSequence;I)I @ 19 c2
Event: 16.179 Thread 0x0000020648e54bb0 DEOPT PACKING pc=0x000002063402ba00 sp=0x00000017d81fa120
Event: 16.179 Thread 0x0000020648e54bb0 DEOPT UNPACKING pc=0x00000206339969a3 sp=0x00000017d81fa0b0 mode 2
Event: 16.418 Thread 0x0000020648e54bb0 Uncommon trap: trap_request=0xffffff45 fr.pc=0x0000020633fb0f34 relative=0x00000000000005b4
Event: 16.418 Thread 0x0000020648e54bb0 Uncommon trap: reason=unstable_if action=reinterpret pc=0x0000020633fb0f34 method=java.util.Properties$LineReader.readLine()I @ 95 c2
Event: 16.418 Thread 0x0000020648e54bb0 DEOPT PACKING pc=0x0000020633fb0f34 sp=0x00000017d81faf90
Event: 16.418 Thread 0x0000020648e54bb0 DEOPT UNPACKING pc=0x00000206339969a3 sp=0x00000017d81faf40 mode 2
Event: 17.292 Thread 0x0000020648e54bb0 Uncommon trap: trap_request=0xffffff45 fr.pc=0x0000020633f3cc68 relative=0x00000000000005a8
Event: 17.292 Thread 0x0000020648e54bb0 Uncommon trap: reason=unstable_if action=reinterpret pc=0x0000020633f3cc68 method=java.util.HashMap.hash(Ljava/lang/Object;)I @ 1 c2
Event: 17.292 Thread 0x0000020648e54bb0 DEOPT PACKING pc=0x0000020633f3cc68 sp=0x00000017d81f79e0
Event: 17.292 Thread 0x0000020648e54bb0 DEOPT UNPACKING pc=0x00000206339969a3 sp=0x00000017d81f7888 mode 2

Classes unloaded (0 events):
No events

Classes redefined (0 events):
No events

Internal exceptions (20 events):
Event: 15.309 Thread 0x0000020648e54bb0 Exception <a 'java/lang/NoSuchMethodError'{0x0000000085f436a0}: 'java.lang.Object java.lang.invoke.Invokers$Holder.linkToTargetMethod(java.lang.Object, java.lang.Object, java.lang.Object, java.lang.Object, java.lang.Object, java.lang.Object, java.lang.Object)'> (0x0000000085f436a0) 
thrown [s\src\hotspot\share\interpreter\linkResolver.cpp, line 771]
Event: 16.276 Thread 0x0000020648e54bb0 Exception <a 'java/lang/NoSuchMethodError'{0x00000000832d06d0}: 'void java.lang.invoke.DirectMethodHandle$Holder.invokeStatic(java.lang.Object, java.lang.Object, java.lang.Object, java.lang.Object)'> (0x00000000832d06d0) 
thrown [s\src\hotspot\share\interpreter\linkResolver.cpp, line 771]
Event: 16.282 Thread 0x0000020648e54bb0 Exception <a 'java/lang/NoSuchMethodError'{0x00000000832e4dc0}: 'int java.lang.invoke.DirectMethodHandle$Holder.invokeVirtual(java.lang.Object, java.lang.Object)'> (0x00000000832e4dc0) 
thrown [s\src\hotspot\share\interpreter\linkResolver.cpp, line 771]
Event: 16.287 Thread 0x0000020648e54bb0 Exception <a 'java/lang/NoSuchMethodError'{0x00000000832f7690}: 'java.lang.Object java.lang.invoke.DirectMethodHandle$Holder.invokeStaticInit(java.lang.Object, java.lang.Object, java.lang.Object)'> (0x00000000832f7690) 
thrown [s\src\hotspot\share\interpreter\linkResolver.cpp, line 771]
Event: 16.303 Thread 0x0000020648e54bb0 Exception <a 'java/lang/NoSuchMethodError'{0x000000008311f290}: 'int java.lang.invoke.DirectMethodHandle$Holder.invokeVirtual(java.lang.Object, java.lang.Object, java.lang.Object)'> (0x000000008311f290) 
thrown [s\src\hotspot\share\interpreter\linkResolver.cpp, line 771]
Event: 17.036 Thread 0x0000020648e54bb0 Exception <a 'java/lang/NoSuchMethodError'{0x00000000841efaf8}: 'java.lang.Object java.lang.invoke.DirectMethodHandle$Holder.invokeSpecialIFC(java.lang.Object, java.lang.Object, java.lang.Object, java.lang.Object)'> (0x00000000841efaf8) 
thrown [s\src\hotspot\share\interpreter\linkResolver.cpp, line 771]
Event: 17.292 Thread 0x0000020648e54bb0 Implicit null exception at 0x0000020633f3c70c to 0x0000020633f3cc48
Event: 17.394 Thread 0x0000020648e54bb0 Exception <a 'java/lang/NoSuchMethodError'{0x00000000839e6fa0}: 'java.lang.Object java.lang.invoke.DirectMethodHandle$Holder.invokeSpecial(java.lang.Object, java.lang.Object, java.lang.Object, java.lang.Object, java.lang.Object, java.lang.Object, java.lang.Object, java.lang.Object, java.lang.Object, java.lang.Object, java.lang.Object, java.lang.Object, java.lang.Object)'> (0x00000000839e6fa0) 
thrown [s\src\hotspot\share\interpreter\linkResolver.cpp, line 771]
Event: 17.397 Thread 0x0000020648e54bb0 Exception <a 'java/lang/NoSuchMethodError'{0x00000000839f8660}: 'java.lang.Object java.lang.invoke.DirectMethodHandle$Holder.newInvokeSpecial(java.lang.Object, java.lang.Object, java.lang.Object, java.lang.Object, java.lang.Object, java.lang.Object, java.lang.Object, java.lang.Object, java.lang.Object, java.lang.Object, java.lang.Object)'> (0x00000000839f8660) 
thrown [s\src\hotspot\share\interpreter\linkResolver.cpp, line 771]
Event: 17.398 Thread 0x0000020648e54bb0 Exception <a 'java/lang/NoSuchMethodError'{0x00000000839fe198}: 'java.lang.Object java.lang.invoke.DirectMethodHandle$Holder.invokeSpecial(java.lang.Object, java.lang.Object, java.lang.Object, java.lang.Object, java.lang.Object, java.lang.Object, java.lang.Object, java.lang.Object, java.lang.Object, java.lang.Object, java.lang.Object, java.lang.Object)'> (0x00000000839fe198) 
thrown [s\src\hotspot\share\interpreter\linkResolver.cpp, line 771]
Event: 17.398 Thread 0x0000020648e54bb0 Exception <a 'java/lang/NoSuchMethodError'{0x0000000083803d28}: 'java.lang.Object java.lang.invoke.Invokers$Holder.linkToTargetMethod(java.lang.Object, java.lang.Object, java.lang.Object, java.lang.Object, java.lang.Object, java.lang.Object, java.lang.Object, java.lang.Object, java.lang.Object, java.lang.Object, java.lang.Object)'> (0x0000000083803d28) 
thrown [s\src\hotspot\share\interpreter\linkResolver.cpp, line 771]
Event: 17.416 Thread 0x0000020648e54bb0 Exception <a 'java/lang/NoSuchMethodError'{0x000000008384fb78}: 'java.lang.Object java.lang.invoke.DirectMethodHandle$Holder.invokeSpecial(java.lang.Object, java.lang.Object, java.lang.Object, java.lang.Object, java.lang.Object, java.lang.Object, java.lang.Object, java.lang.Object, java.lang.Object, java.lang.Object, java.lang.Object, java.lang.Object, java.lang.Object, java.lang.Object)'> (0x000000008384fb78) 
thrown [s\src\hotspot\share\interpreter\linkResolver.cpp, line 771]
Event: 17.419 Thread 0x0000020648e54bb0 Exception <a 'java/lang/NoSuchMethodError'{0x0000000083861f28}: 'java.lang.Object java.lang.invoke.DirectMethodHandle$Holder.newInvokeSpecial(java.lang.Object, java.lang.Object, java.lang.Object, java.lang.Object, java.lang.Object, java.lang.Object, java.lang.Object, java.lang.Object, java.lang.Object, java.lang.Object, java.lang.Object, java.lang.Object)'> (0x0000000083861f28) 
thrown [s\src\hotspot\share\interpreter\linkResolver.cpp, line 771]
Event: 17.420 Thread 0x0000020648e54bb0 Exception <a 'java/lang/NoSuchMethodError'{0x0000000083867b20}: 'java.lang.Object java.lang.invoke.Invokers$Holder.linkToTargetMethod(java.lang.Object, java.lang.Object, java.lang.Object, java.lang.Object, java.lang.Object, java.lang.Object, java.lang.Object, java.lang.Object, java.lang.Object, java.lang.Object, java.lang.Object, java.lang.Object)'> (0x0000000083867b20) 
thrown [s\src\hotspot\share\interpreter\linkResolver.cpp, line 771]
Event: 17.433 Thread 0x0000020648e54bb0 Exception <a 'java/lang/NoSuchMethodError'{0x00000000838a0eb8}: 'java.lang.Object java.lang.invoke.DirectMethodHandle$Holder.newInvokeSpecial(java.lang.Object, java.lang.Object, java.lang.Object, java.lang.Object, java.lang.Object, java.lang.Object, java.lang.Object, java.lang.Object, java.lang.Object, java.lang.Object)'> (0x00000000838a0eb8) 
thrown [s\src\hotspot\share\interpreter\linkResolver.cpp, line 771]
Event: 17.434 Thread 0x0000020648e54bb0 Exception <a 'java/lang/NoSuchMethodError'{0x00000000838a5da0}: 'java.lang.Object java.lang.invoke.Invokers$Holder.linkToTargetMethod(java.lang.Object, java.lang.Object, java.lang.Object, java.lang.Object, java.lang.Object, java.lang.Object, java.lang.Object, java.lang.Object, java.lang.Object, java.lang.Object)'> (0x00000000838a5da0) 
thrown [s\src\hotspot\share\interpreter\linkResolver.cpp, line 771]
Event: 17.466 Thread 0x0000020648e54bb0 Exception <a 'java/lang/NoSuchMethodError'{0x0000000083711410}: 'java.lang.Object java.lang.invoke.DirectMethodHandle$Holder.invokeStaticInit(java.lang.Object, java.lang.Object, java.lang.Object, java.lang.Object)'> (0x0000000083711410) 
thrown [s\src\hotspot\share\interpreter\linkResolver.cpp, line 771]
Event: 17.982 Thread 0x0000020648e54bb0 Exception <a 'java/lang/NoSuchMethodError'{0x0000000082d8ad20}: 'java.lang.Object java.lang.invoke.DirectMethodHandle$Holder.newInvokeSpecial(java.lang.Object, java.lang.Object, java.lang.Object, java.lang.Object, java.lang.Object, java.lang.Object, java.lang.Object, java.lang.Object)'> (0x0000000082d8ad20) 
thrown [s\src\hotspot\share\interpreter\linkResolver.cpp, line 771]
Event: 17.983 Thread 0x0000020648e54bb0 Exception <a 'java/lang/NoSuchMethodError'{0x0000000082d90798}: 'java.lang.Object java.lang.invoke.Invokers$Holder.linkToTargetMethod(java.lang.Object, java.lang.Object, java.lang.Object, java.lang.Object, java.lang.Object, java.lang.Object, java.lang.Object, java.lang.Object)'> (0x0000000082d90798) 
thrown [s\src\hotspot\share\interpreter\linkResolver.cpp, line 771]
Event: 18.011 Thread 0x0000020648e54bb0 Exception <a 'java/lang/IncompatibleClassChangeError'{0x0000000082dfde50}: Found class java.lang.Object, but interface was expected> (0x0000000082dfde50) 
thrown [s\src\hotspot\share\interpreter\linkResolver.cpp, line 838]

VM Operations (20 events):
Event: 13.989 Executing VM operation: HandshakeAllThreads
Event: 13.989 Executing VM operation: HandshakeAllThreads done
Event: 15.000 Executing VM operation: Cleanup
Event: 15.000 Executing VM operation: Cleanup done
Event: 15.285 Executing VM operation: G1CollectForAllocation
Event: 15.299 Executing VM operation: G1CollectForAllocation done
Event: 16.314 Executing VM operation: Cleanup
Event: 16.314 Executing VM operation: Cleanup done
Event: 16.429 Executing VM operation: HandshakeAllThreads
Event: 16.429 Executing VM operation: HandshakeAllThreads done
Event: 16.857 Executing VM operation: G1CollectForAllocation
Event: 16.863 Executing VM operation: G1CollectForAllocation done
Event: 17.297 Executing VM operation: HandshakeAllThreads
Event: 17.297 Executing VM operation: HandshakeAllThreads done
Event: 17.954 Executing VM operation: HandshakeAllThreads
Event: 17.954 Executing VM operation: HandshakeAllThreads done
Event: 17.954 Executing VM operation: Cleanup
Event: 17.954 Executing VM operation: Cleanup done
Event: 18.289 Executing VM operation: G1CollectForAllocation
Event: 18.296 Executing VM operation: G1CollectForAllocation done

Events (20 events):
Event: 17.300 loading class java/lang/Class$EnclosingMethodInfo done
Event: 17.302 loading class sun/reflect/generics/tree/IntSignature
Event: 17.303 loading class sun/reflect/generics/tree/IntSignature done
Event: 17.303 loading class sun/reflect/generics/tree/ArrayTypeSignature
Event: 17.303 loading class sun/reflect/generics/tree/ArrayTypeSignature done
Event: 17.311 loading class java/lang/SafeVarargs
Event: 17.311 loading class java/lang/SafeVarargs done
Event: 17.320 loading class java/util/regex/Pattern$GroupCurly
Event: 17.320 loading class java/util/regex/Pattern$GroupCurly done
Event: 17.444 Thread 0x00000206495c3810 Thread added: 0x00000206495c3810
Event: 17.510 Thread 0x00000206495c6360 Thread added: 0x00000206495c6360
Event: 17.815 Thread 0x00000206495c6d00 Thread added: 0x00000206495c6d00
Event: 18.323 loading class java/util/regex/Pattern$Pos
Event: 18.323 loading class java/util/regex/Pattern$Pos done
Event: 18.334 loading class java/io/StringReader
Event: 18.334 loading class java/io/StringReader done
Event: 18.374 loading class java/lang/StrictMath
Event: 18.375 loading class java/lang/StrictMath done
Event: 18.375 loading class java/math/MutableBigInteger
Event: 18.378 loading class java/math/MutableBigInteger done


Dynamic libraries:
0x00007ff66dce0000 - 0x00007ff66dcea000 	C:\Program Files\Android\Android Studio\jbr\bin\java.exe
0x00007ffdbcc50000 - 0x00007ffdbce48000 	C:\WINDOWS\SYSTEM32\ntdll.dll
0x00007ffdbb420000 - 0x00007ffdbb4dd000 	C:\WINDOWS\System32\KERNEL32.DLL
0x00007ffdba6e0000 - 0x00007ffdba9d6000 	C:\WINDOWS\System32\KERNELBASE.dll
0x00007ffda1520000 - 0x00007ffda15fb000 	C:\Program Files\Bitdefender\Bitdefender Security\bdhkm\dlls_266991746704785495\bdhkm64.dll
0x00007ffd8cc00000 - 0x00007ffd8cd6c000 	C:\Program Files\Bitdefender\Bitdefender Security\atcuf\dlls_266991746676830714\atcuf64.dll
0x00007ffdbaad0000 - 0x00007ffdbabd0000 	C:\WINDOWS\System32\ucrtbase.dll
0x00007ffdb4160000 - 0x00007ffdb4177000 	C:\Program Files\Android\Android Studio\jbr\bin\jli.dll
0x00007ffdbba60000 - 0x00007ffdbbbfe000 	C:\WINDOWS\System32\USER32.dll
0x00007ffdbaaa0000 - 0x00007ffdbaac2000 	C:\WINDOWS\System32\win32u.dll
0x00007ffdbb970000 - 0x00007ffdbb99c000 	C:\WINDOWS\System32\GDI32.dll
0x00007ffdba3d0000 - 0x00007ffdba4ea000 	C:\WINDOWS\System32\gdi32full.dll
0x00007ffdba330000 - 0x00007ffdba3cd000 	C:\WINDOWS\System32\msvcp_win.dll
0x00007ffdb4640000 - 0x00007ffdb465b000 	C:\Program Files\Android\Android Studio\jbr\bin\VCRUNTIME140.dll
0x00007ffda6620000 - 0x00007ffda68ba000 	C:\WINDOWS\WinSxS\amd64_microsoft.windows.common-controls_6595b64144ccf1df_6.0.19041.3636_none_60b6a03d71f818d5\COMCTL32.dll
0x00007ffdbb4e0000 - 0x00007ffdbb57e000 	C:\WINDOWS\System32\msvcrt.dll
0x00007ffdbb260000 - 0x00007ffdbb290000 	C:\WINDOWS\System32\IMM32.DLL
0x00007ffdb7810000 - 0x00007ffdb781c000 	C:\Program Files\Android\Android Studio\jbr\bin\vcruntime140_1.dll
0x00007ffd86e90000 - 0x00007ffd86f1d000 	C:\Program Files\Android\Android Studio\jbr\bin\msvcp140.dll
0x00007ffd70950000 - 0x00007ffd715d0000 	C:\Program Files\Android\Android Studio\jbr\bin\server\jvm.dll
0x00007ffdbb1a0000 - 0x00007ffdbb24f000 	C:\WINDOWS\System32\ADVAPI32.dll
0x00007ffdbb5f0000 - 0x00007ffdbb68c000 	C:\WINDOWS\System32\sechost.dll
0x00007ffdbb2f0000 - 0x00007ffdbb416000 	C:\WINDOWS\System32\RPCRT4.dll
0x00007ffd8efd0000 - 0x00007ffd8efd9000 	C:\WINDOWS\SYSTEM32\WSOCK32.dll
0x00007ffdbb580000 - 0x00007ffdbb5eb000 	C:\WINDOWS\System32\WS2_32.dll
0x00007ffdb3d30000 - 0x00007ffdb3d57000 	C:\WINDOWS\SYSTEM32\WINMM.dll
0x00007ffdb1210000 - 0x00007ffdb121a000 	C:\WINDOWS\SYSTEM32\VERSION.dll
0x00007ffdb8b80000 - 0x00007ffdb8b92000 	C:\WINDOWS\SYSTEM32\kernel.appcore.dll
0x00007ffdb55e0000 - 0x00007ffdb55ea000 	C:\Program Files\Android\Android Studio\jbr\bin\jimage.dll
0x00007ffdb8960000 - 0x00007ffdb8b44000 	C:\WINDOWS\SYSTEM32\DBGHELP.DLL
0x00007ffdaa950000 - 0x00007ffdaa984000 	C:\WINDOWS\SYSTEM32\dbgcore.DLL
0x00007ffdba650000 - 0x00007ffdba6d2000 	C:\WINDOWS\System32\bcryptPrimitives.dll
0x00007ffdb44d0000 - 0x00007ffdb44de000 	C:\Program Files\Android\Android Studio\jbr\bin\instrument.dll
0x00007ffdb4540000 - 0x00007ffdb4565000 	C:\Program Files\Android\Android Studio\jbr\bin\java.dll
0x00007ffdb50a0000 - 0x00007ffdb50b8000 	C:\Program Files\Android\Android Studio\jbr\bin\zip.dll
0x00007ffdbc160000 - 0x00007ffdbc8a5000 	C:\WINDOWS\System32\SHELL32.dll
0x00007ffdb81c0000 - 0x00007ffdb895b000 	C:\WINDOWS\SYSTEM32\windows.storage.dll
0x00007ffdbbe00000 - 0x00007ffdbc154000 	C:\WINDOWS\System32\combase.dll
0x00007ffdb9ca0000 - 0x00007ffdb9ccd000 	C:\WINDOWS\SYSTEM32\Wldp.dll
0x00007ffdbb9a0000 - 0x00007ffdbba4d000 	C:\WINDOWS\System32\SHCORE.dll
0x00007ffdbbcf0000 - 0x00007ffdbbd45000 	C:\WINDOWS\System32\shlwapi.dll
0x00007ffdba260000 - 0x00007ffdba285000 	C:\WINDOWS\SYSTEM32\profapi.dll
0x00007ffdb44e0000 - 0x00007ffdb44f9000 	C:\Program Files\Android\Android Studio\jbr\bin\net.dll
0x00007ffdafeb0000 - 0x00007ffdaffba000 	C:\WINDOWS\SYSTEM32\WINHTTP.dll
0x00007ffdb9a00000 - 0x00007ffdb9a6a000 	C:\WINDOWS\system32\mswsock.dll
0x00007ffdb4330000 - 0x00007ffdb4346000 	C:\Program Files\Android\Android Studio\jbr\bin\nio.dll
0x00007ffdb55d0000 - 0x00007ffdb55e0000 	C:\Program Files\Android\Android Studio\jbr\bin\verify.dll
0x00007ffd90b90000 - 0x00007ffd90bb7000 	C:\Users\dilla\.gradle\native\68d5fa5c4cc2d200863cafc0d521ce42e7d3e7ee720ec0a83991735586a16f82\windows-amd64\native-platform.dll
0x00007ffd84100000 - 0x00007ffd84244000 	C:\Users\dilla\.gradle\native\e376f236ea51e6404a007f0833ffe2c6e607c4080706a723a18a27aeea778392\windows-amd64\native-platform-file-events.dll
0x00007ffdb4b00000 - 0x00007ffdb4b09000 	C:\Program Files\Android\Android Studio\jbr\bin\management.dll
0x00007ffdb4610000 - 0x00007ffdb461b000 	C:\Program Files\Android\Android Studio\jbr\bin\management_ext.dll
0x00007ffdbba50000 - 0x00007ffdbba58000 	C:\WINDOWS\System32\PSAPI.DLL
0x00007ffdb9c00000 - 0x00007ffdb9c18000 	C:\WINDOWS\SYSTEM32\CRYPTSP.dll
0x00007ffdb9330000 - 0x00007ffdb9364000 	C:\WINDOWS\system32\rsaenh.dll
0x00007ffdbabd0000 - 0x00007ffdbabf7000 	C:\WINDOWS\System32\bcrypt.dll
0x00007ffdba220000 - 0x00007ffdba24e000 	C:\WINDOWS\SYSTEM32\USERENV.dll
0x00007ffdb9bf0000 - 0x00007ffdb9bfc000 	C:\WINDOWS\SYSTEM32\CRYPTBASE.dll
0x00007ffdb96f0000 - 0x00007ffdb972b000 	C:\WINDOWS\SYSTEM32\IPHLPAPI.DLL
0x00007ffdbb8e0000 - 0x00007ffdbb8e8000 	C:\WINDOWS\System32\NSI.dll
0x00007ffdb24e0000 - 0x00007ffdb24f7000 	C:\WINDOWS\SYSTEM32\dhcpcsvc6.DLL
0x00007ffdb2540000 - 0x00007ffdb255d000 	C:\WINDOWS\SYSTEM32\dhcpcsvc.DLL
0x00007ffdb9730000 - 0x00007ffdb97fa000 	C:\WINDOWS\SYSTEM32\DNSAPI.dll
0x00007ffdb4c60000 - 0x00007ffdb4c67000 	C:\WINDOWS\system32\wshunix.dll

dbghelp: loaded successfully - version: 4.0.5 - missing functions: none
symbol engine: initialized successfully - sym options: 0x614 - pdb path: .;C:\Program Files\Android\Android Studio\jbr\bin;C:\WINDOWS\SYSTEM32;C:\Program Files\Bitdefender\Bitdefender Security\bdhkm\dlls_266991746704785495;C:\Program Files\Bitdefender\Bitdefender Security\atcuf\dlls_266991746676830714;C:\WINDOWS\WinSxS\amd64_microsoft.windows.common-controls_6595b64144ccf1df_6.0.19041.3636_none_60b6a03d71f818d5;C:\Program Files\Android\Android Studio\jbr\bin\server;C:\Users\dilla\.gradle\native\68d5fa5c4cc2d200863cafc0d521ce42e7d3e7ee720ec0a83991735586a16f82\windows-amd64;C:\Users\dilla\.gradle\native\e376f236ea51e6404a007f0833ffe2c6e607c4080706a723a18a27aeea778392\windows-amd64

VM Arguments:
jvm_args: --add-opens=java.base/java.util=ALL-UNNAMED --add-opens=java.base/java.lang=ALL-UNNAMED --add-opens=java.base/java.lang.invoke=ALL-UNNAMED --add-opens=java.prefs/java.util.prefs=ALL-UNNAMED --add-opens=java.base/java.nio.charset=ALL-UNNAMED --add-opens=java.base/java.net=ALL-UNNAMED --add-opens=java.base/java.util.concurrent.atomic=ALL-UNNAMED -Xmx2048m -Dfile.encoding=UTF-8 -Duser.country=SG -Duser.language=en -Duser.variant -javaagent:C:\Users\dilla\.gradle\wrapper\dists\gradle-8.2-bin\bbg7u40eoinfdyxsxr3z4i7ta\gradle-8.2\lib\agents\gradle-instrumentation-agent-8.2.jar 
java_command: org.gradle.launcher.daemon.bootstrap.GradleDaemon 8.2
java_class_path (initial): C:\Users\dilla\.gradle\wrapper\dists\gradle-8.2-bin\bbg7u40eoinfdyxsxr3z4i7ta\gradle-8.2\lib\gradle-launcher-8.2.jar
Launcher Type: SUN_STANDARD

[Global flags]
     intx CICompilerCount                          = 4                                         {product} {ergonomic}
     uint ConcGCThreads                            = 2                                         {product} {ergonomic}
     uint G1ConcRefinementThreads                  = 8                                         {product} {ergonomic}
   size_t G1HeapRegionSize                         = 1048576                                   {product} {ergonomic}
    uintx GCDrainStackTargetSize                   = 64                                        {product} {ergonomic}
   size_t InitialHeapSize                          = 100663296                                 {product} {ergonomic}
   size_t MarkStackSize                            = 4194304                                   {product} {ergonomic}
   size_t MaxHeapSize                              = 2147483648                                {product} {command line}
   size_t MaxNewSize                               = 1287651328                                {product} {ergonomic}
   size_t MinHeapDeltaBytes                        = 1048576                                   {product} {ergonomic}
   size_t MinHeapSize                              = 8388608                                   {product} {ergonomic}
    uintx NonNMethodCodeHeapSize                   = 5839372                                {pd product} {ergonomic}
    uintx NonProfiledCodeHeapSize                  = 122909434                              {pd product} {ergonomic}
    uintx ProfiledCodeHeapSize                     = 122909434                              {pd product} {ergonomic}
    uintx ReservedCodeCacheSize                    = 251658240                              {pd product} {ergonomic}
     bool SegmentedCodeCache                       = true                                      {product} {ergonomic}
   size_t SoftMaxHeapSize                          = 2147483648                             {manageable} {ergonomic}
     bool UseCompressedClassPointers               = true                           {product lp64_product} {ergonomic}
     bool UseCompressedOops                        = true                           {product lp64_product} {ergonomic}
     bool UseG1GC                                  = true                                      {product} {ergonomic}
     bool UseLargePagesIndividualAllocation        = false                                  {pd product} {ergonomic}

Logging:
Log output configuration:
 #0: stdout all=warning uptime,level,tags
 #1: stderr all=off uptime,level,tags

Environment Variables:
JAVA_HOME=C:\Program Files\Amazon Corretto\jdk1.8.0_372
CLASSPATH=.;C:\Program Files (x86)\QuickTime\QTSystem\QTJava.zip
PATH=C:\Program Files\Amazon Corretto\jdk1.8.0_372\bin;C:\Program Files\Common Files\Oracle\Java\javapath;C:\Python27\;C:\Python27\Scripts;C:\Program Files (x86)\VMware\VMware Workstation\bin\;C:\Python310\Scripts\;C:\Python310\;C:\WINDOWS\system32;C:\WINDOWS;C:\WINDOWS\System32\Wbem;C:\WINDOWS\System32\WindowsPowerShell\v1.0\;C:\WINDOWS\System32\OpenSSH\;C:\Program Files (x86)\QuickTime\QTSystem\;C:\ProgramData\chocolatey\bin;C:\Program Files\PuTTY\;C:\Program Files\Git\cmd;C:\Program Files\GitHub CLI\;C:\Users\dilla\AppData\Roaming\nvm;C:\Program Files\nodejs;C:\Program Files (x86)\Microsoft SQL Server\160\Tools\Binn\;C:\Program Files\Microsoft SQL Server\160\Tools\Binn\;C:\Program Files\Microsoft SQL Server\Client SDK\ODBC\170\Tools\Binn\;C:\Program Files\Microsoft SQL Server\160\DTS\Binn\;C:\Program Files (x86)\Microsoft SQL Server\160\DTS\Binn\;C:\Program Files\Azure Data Studio\bin;C:\Program Files\Common Files\Oracle\Java\javapath;C:\Program Files\Eclipse Adoptium\jdk-8.0.345.1-hotspot\bin;C:\Python27\;C:\Python27\Scripts;C:\Program Files (x86)\VMware\VMware Workstation\bin\;C:\Python310\Scripts\;C:\Python310\;C:\WINDOWS\system32;C:\WINDOWS;C:\WINDOWS\System32\Wbem;C:\WINDOWS\System32\WindowsPowerShell\v1.0\;C:\WINDOWS\System32\OpenSSH\;C:\Program Files (x86)\QuickTime\QTSystem\;C:\ProgramData\chocolatey\bin;C:\Program Files\PuTTY\;C:\Program Files\Git\cmd;C:\Program Files\GitHub CLI\;C:\Users\dilla\AppData\Roaming\nvm;C:\Program Files\nodejs;C:\Users\dilla\AppData\Local\Microsoft\WindowsApps;C:\Users\dilla\AppData\Local\Programs\Microsoft VS Code\bin;C:\Users\dilla\AppData\Roaming\npm;C:\Users\dilla\AppData\Local\GitHubDesktop\bin;C:\Users\dilla\AppData\Roaming\nvm;C:\Program Files\nodejs;c:\tagui\src;C:\Program Files\Azure Data Studio\bin
USERNAME=dilla
OS=Windows_NT
PROCESSOR_IDENTIFIER=AMD64 Family 23 Model 24 Stepping 1, AuthenticAMD
TMP=C:\Users\dilla\AppData\Local\Temp
TEMP=C:\Users\dilla\AppData\Local\Temp


JNI global refs:
JNI global refs: 24, weak refs: 0

JNI global refs memory usage: 843, weak refs: 841

OOME stack traces (most recent first):
Classloader memory used:
